2024-05-14 15:47:14,457 INFO c.e.e.EmployeeApiApplication [main] Starting EmployeeApiApplication using Java 20 with PID 13212 (D:\Java_1\0_EmployeeAPI\employeeAPI\target\classes started by HP in D:\Java_1\0_EmployeeAPI\employeeAPI)
2024-05-14 15:47:14,457 DEBUG c.e.e.EmployeeApiApplication [main] Running with Spring Boot v3.2.3, Spring v6.1.4
2024-05-14 15:47:14,457 INFO c.e.e.EmployeeApiApplication [main] No active profile set, falling back to 1 default profile: "default"
2024-05-14 15:47:31,354 INFO c.e.e.EmployeeApiApplication [main] Started EmployeeApiApplication in 18.33 seconds (process running for 20.742)
2024-05-14 15:52:54,024 INFO c.e.e.EmployeeApiApplication [main] Starting EmployeeApiApplication using Java 20 with PID 6320 (D:\Java_1\0_EmployeeAPI\employeeAPI\target\classes started by HP in D:\Java_1\0_EmployeeAPI\employeeAPI)
2024-05-14 15:52:54,026 DEBUG c.e.e.EmployeeApiApplication [main] Running with Spring Boot v3.2.3, Spring v6.1.4
2024-05-14 15:52:54,026 INFO c.e.e.EmployeeApiApplication [main] No active profile set, falling back to 1 default profile: "default"
2024-05-14 15:53:13,682 INFO c.e.e.EmployeeApiApplication [main] Started EmployeeApiApplication in 20.491 seconds (process running for 21.977)
2024-05-14 16:22:12,927 INFO c.e.e.EmployeeApiApplication [main] Starting EmployeeApiApplication using Java 20 with PID 4244 (D:\Java_1\0_EmployeeAPI\employeeAPI\target\classes started by HP in D:\Java_1\0_EmployeeAPI\employeeAPI)
2024-05-14 16:22:12,931 DEBUG c.e.e.EmployeeApiApplication [main] Running with Spring Boot v3.2.3, Spring v6.1.4
2024-05-14 16:22:12,937 INFO c.e.e.EmployeeApiApplication [main] No active profile set, falling back to 1 default profile: "default"
2024-05-14 16:22:43,782 INFO c.e.e.EmployeeApiApplication [main] Started EmployeeApiApplication in 32.865 seconds (process running for 37.661)
2024-05-14 16:25:28,751 INFO c.e.e.S.E.EmployeeServiceImpl [http-nio-8080-exec-2] Employee added
2024-05-14 16:25:28,759 INFO c.e.e.S.E.EmployeeServiceImpl [http-nio-8080-exec-2] User name validated Successfully
2024-05-14 16:25:28,760 INFO c.e.e.S.E.EmployeeServiceImpl [http-nio-8080-exec-2] User age validated Successfully
2024-05-14 16:25:28,760 INFO c.e.e.S.E.EmployeeServiceImpl [http-nio-8080-exec-2] User Phone length validated
2024-05-14 16:25:28,760 INFO c.e.e.S.E.EmployeeServiceImpl [http-nio-8080-exec-2] Validated done
2024-05-14 16:36:48,371 INFO c.e.e.S.E.EmployeeServiceImpl [http-nio-8080-exec-6] Employee added
2024-05-14 16:36:48,429 INFO c.e.e.S.E.EmployeeServiceImpl [http-nio-8080-exec-6] User name validated Successfully
2024-05-14 16:36:48,430 INFO c.e.e.S.E.EmployeeServiceImpl [http-nio-8080-exec-6] User age validated Successfully
2024-05-14 16:36:48,431 INFO c.e.e.S.E.EmployeeServiceImpl [http-nio-8080-exec-6] User Phone length validated
2024-05-14 16:36:48,431 INFO c.e.e.S.E.EmployeeServiceImpl [http-nio-8080-exec-6] Validated done
